c:\users\peter\documents\visual studio 2013\projects\appserver\appserver\debug\appserver.pch
c:\users\peter\documents\visual studio 2013\projects\appserver\appserver\debug\vc120.pdb
c:\users\peter\documents\visual studio 2013\projects\appserver\appserver\debug\vc120.idb
c:\users\peter\documents\visual studio 2013\projects\appserver\appserver\debug\stdafx.obj
c:\users\peter\documents\visual studio 2013\projects\appserver\appserver\debug\appserver.obj
c:\users\peter\documents\visual studio 2013\projects\appserver\debug\appserver.pdb
c:\users\peter\documents\visual studio 2013\projects\appserver\appserver\debug\appserver.tlog\cl.command.1.tlog
c:\users\peter\documents\visual studio 2013\projects\appserver\appserver\debug\appserver.tlog\cl.read.1.tlog
c:\users\peter\documents\visual studio 2013\projects\appserver\appserver\debug\appserver.tlog\cl.write.1.tlog
c:\users\peter\documents\visual studio 2013\projects\appserver\appserver\debug\appserver.tlog\link.5812.read.1.tlog
c:\users\peter\documents\visual studio 2013\projects\appserver\appserver\debug\appserver.tlog\link.5812.write.1.tlog
c:\users\peter\documents\visual studio 2013\projects\appserver\appserver\debug\appserver.tlog\link.8012-cvtres.read.1.tlog
c:\users\peter\documents\visual studio 2013\projects\appserver\appserver\debug\appserver.tlog\link.8012-cvtres.write.1.tlog
c:\users\peter\documents\visual studio 2013\projects\appserver\appserver\debug\appserver.tlog\link.8012-rc.read.1.tlog
c:\users\peter\documents\visual studio 2013\projects\appserver\appserver\debug\appserver.tlog\link.8012-rc.write.1.tlog
c:\users\peter\documents\visual studio 2013\projects\appserver\appserver\debug\appserver.tlog\link.8012.read.1.tlog
c:\users\peter\documents\visual studio 2013\projects\appserver\appserver\debug\appserver.tlog\link.8012.write.1.tlog
c:\users\peter\documents\visual studio 2013\projects\appserver\appserver\debug\appserver.tlog\link.8504.read.1.tlog
c:\users\peter\documents\visual studio 2013\projects\appserver\appserver\debug\appserver.tlog\link.8504.write.1.tlog
c:\users\peter\documents\visual studio 2013\projects\appserver\appserver\debug\appserver.tlog\link.command.1.tlog
c:\users\peter\documents\visual studio 2013\projects\appserver\appserver\debug\appserver.tlog\link.read.1.tlog
c:\users\peter\documents\visual studio 2013\projects\appserver\appserver\debug\appserver.tlog\link.write.1.tlog
